<?xml version="1.0" encoding="UTF-8"?>
<!-- Generated by org.testng.reporters.JUnitReportReporter -->
<testsuite hostname="DESKTOP-GLA0AO1" failures="0" tests="2" name="com.comcast.crm.contacttest.Practice" time="0.026" errors="0" timestamp="2024-04-30T11:23:17 IST" skipped="0">
  <testcase classname="com.comcast.crm.contacttest.Practice" name="createContactWithPhoneNumber" time="0.004"/>
  <system-out/>
  <testcase classname="com.comcast.crm.contacttest.Practice" name="createContactTest" time="0.022"/>
  <system-out/>
</testsuite> <!-- com.comcast.crm.contacttest.Practice -->
