<?xml version="1.0" encoding="UTF-8"?>
<!-- Generated by org.testng.reporters.JUnitReportReporter -->
<testsuite hostname="DESKTOP-GLA0AO1" failures="0" tests="3" name="com.comcast.crm.contacttest.CreateContactTestUsingDataProvider" time="0.034" errors="0" timestamp="2024-05-18T10:27:14 IST" skipped="0">
  <testcase classname="com.comcast.crm.contacttest.CreateContactTestUsingDataProvider" name="createContact" time="0.005"/>
  <system-out/>
  <testcase classname="com.comcast.crm.contacttest.CreateContactTestUsingDataProvider" name="createContact" time="0.024"/>
  <system-out/>
  <testcase classname="com.comcast.crm.contacttest.CreateContactTestUsingDataProvider" name="createContact" time="0.005"/>
  <system-out/>
</testsuite> <!-- com.comcast.crm.contacttest.CreateContactTestUsingDataProvider -->
