<?xml version="1.0" encoding="UTF-8"?>
<!-- Generated by org.testng.reporters.JUnitReportReporter -->
<testsuite hostname="DESKTOP-GLA0AO1" failures="0" tests="2" name="com.crm.comcast.contacttest.CreateContactTest" time="0.027" errors="0" timestamp="2024-05-03T10:23:57 IST" skipped="0">
  <testcase classname="com.crm.comcast.contacttest.CreateContactTest" name="createContactWithDateTest" time="0.005"/>
  <system-out/>
  <testcase classname="com.crm.comcast.contacttest.CreateContactTest" name="createContactTest" time="0.022"/>
  <system-out/>
</testsuite> <!-- com.crm.comcast.contacttest.CreateContactTest -->
