<?xml version="1.0" encoding="UTF-8"?>
<!-- Generated by org.testng.reporters.JUnitReportReporter -->
<testsuite hostname="DESKTOP-GLA0AO1" failures="0" tests="1" name="testNG.ContactTest" time="0.045" errors="0" timestamp="2024-04-30T16:16:25 IST" skipped="0">
  <testcase classname="testNG.ContactTest" name="deleteContactTest2" time="0.045"/>
  <system-out/>
</testsuite> <!-- testNG.ContactTest -->
