<?xml version="1.0" encoding="UTF-8"?>
<!-- Generated by org.testng.reporters.JUnitReportReporter -->
<testsuite hostname="DESKTOP-GLA0AO1" failures="0" tests="1" name="html_headless_testing.HeadlessMode_Using_ChromeOptions" time="21.921" errors="0" timestamp="2024-07-09T12:56:59 IST" skipped="0">
  <testcase classname="html_headless_testing.HeadlessMode_Using_ChromeOptions" name="headlessScriptTest" time="21.921"/>
  <system-out/>
</testsuite> <!-- html_headless_testing.HeadlessMode_Using_ChromeOptions -->
