<?xml version="1.0" encoding="UTF-8"?>
<!-- Generated by org.testng.reporters.JUnitReportReporter -->
<testsuite hostname="DESKTOP-GLA0AO1" failures="0" tests="6" name="com.comcast.crm.contacttest.TestMethod" time="0.075" errors="0" timestamp="2024-04-30T17:40:38 IST" skipped="0">
  <testcase classname="com.comcast.crm.contacttest.TestMethod" name="createContact" time="0.040"/>
  <system-out/>
  <testcase classname="com.comcast.crm.contacttest.TestMethod" name="deleteContact" time="0.004"/>
  <system-out/>
  <testcase classname="com.comcast.crm.contacttest.TestMethod" name="updateContact" time="0.005"/>
  <system-out/>
  <testcase classname="com.comcast.crm.contacttest.TestMethod" name="newContact" time="0.011"/>
  <system-out/>
  <testcase classname="com.comcast.crm.contacttest.TestMethod" name="editContact" time="0.009"/>
  <system-out/>
  <testcase classname="com.comcast.crm.contacttest.TestMethod" name="modifyContact" time="0.006"/>
  <system-out/>
</testsuite> <!-- com.comcast.crm.contacttest.TestMethod -->
