<?xml version="1.0" encoding="UTF-8"?>
<!-- Generated by org.testng.reporters.JUnitReportReporter -->
<testsuite hostname="DESKTOP-GLA0AO1" failures="0" tests="3" name="com.comcast.crm.contacttest.CreateContactTestUsingDataProvider" time="0.057" errors="0" timestamp="2024-04-30T18:28:39 IST" skipped="0">
  <testcase classname="com.comcast.crm.contacttest.CreateContactTestUsingDataProvider" name="createContact" time="0.041"/>
  <system-out/>
  <testcase classname="com.comcast.crm.contacttest.CreateContactTestUsingDataProvider" name="createContact" time="0.009"/>
  <system-out/>
  <testcase classname="com.comcast.crm.contacttest.CreateContactTestUsingDataProvider" name="createContact" time="0.007"/>
  <system-out/>
</testsuite> <!-- com.comcast.crm.contacttest.CreateContactTestUsingDataProvider -->
