<?xml version="1.0" encoding="UTF-8"?>
<!-- Generated by org.testng.reporters.JUnitReportReporter -->
<testsuite hostname="DESKTOP-GLA0AO1" failures="0" tests="1" name="xmlFile.ReadDataFromTestNGxml" time="61.302" errors="0" timestamp="2024-04-20T15:20:11 IST" skipped="0">
  <testcase classname="xmlFile.ReadDataFromTestNGxml" name="createOrgUsingXml" time="61.302"/>
  <system-out/>
</testsuite> <!-- xmlFile.ReadDataFromTestNGxml -->
