<?xml version="1.0" encoding="UTF-8"?>
<!-- Generated by org.testng.reporters.JUnitReportReporter -->
<testsuite hostname="DESKTOP-GLA0AO1" failures="0" tests="1" name="html_headless_testing.TestScrpt_HeadlessMode" time="7.163" errors="0" timestamp="2024-07-09T12:34:20 IST" skipped="0">
  <testcase classname="html_headless_testing.TestScrpt_HeadlessMode" name="headlessTestScriptTest" time="7.163"/>
  <system-out/>
</testsuite> <!-- html_headless_testing.TestScrpt_HeadlessMode -->
