<?xml version="1.0" encoding="UTF-8"?>
<!-- Generated by org.testng.reporters.JUnitReportReporter -->
<testsuite hostname="DESKTOP-GLA0AO1" failures="0" tests="1" name="ddt_jsonFile.ReadDataFromJSONtoCreateOrg" time="49.576" errors="0" timestamp="2024-05-02T17:26:06 IST" skipped="0">
  <testcase classname="ddt_jsonFile.ReadDataFromJSONtoCreateOrg" name="createOrgUsingJSON" time="49.576"/>
  <system-out/>
</testsuite> <!-- ddt_jsonFile.ReadDataFromJSONtoCreateOrg -->
