<?xml version="1.0" encoding="UTF-8"?>
<!-- Generated by org.testng.reporters.JUnitReportReporter -->
<testsuite hostname="DESKTOP-GLA0AO1" failures="0" tests="3" name="com.comcast.crm.contacttest.ContactTest" time="0.029" errors="0" timestamp="2024-04-30T13:01:51 IST" skipped="0">
  <testcase classname="com.comcast.crm.contacttest.ContactTest" name="createContactTest" time="0.022"/>
  <system-out/>
  <testcase classname="com.comcast.crm.contacttest.ContactTest" name="modifyContactTest" time="0.004"/>
  <system-out/>
  <testcase classname="com.comcast.crm.contacttest.ContactTest" name="deleteContactTest" time="0.003"/>
  <system-out/>
</testsuite> <!-- com.comcast.crm.contacttest.ContactTest -->
