<?xml version="1.0" encoding="UTF-8"?>
<!-- Generated by org.testng.reporters.JUnitReportReporter -->
<testsuite hostname="DESKTOP-GLA0AO1" failures="0" tests="1" name="ddt_cmdLine.ReadRuntimeParameterTest" time="0.038" errors="0" timestamp="2024-05-19T16:03:42 IST" skipped="0">
  <testcase classname="ddt_cmdLine.ReadRuntimeParameterTest" name="seleniumTest" time="0.038"/>
  <system-out/>
</testsuite> <!-- ddt_cmdLine.ReadRuntimeParameterTest -->
