<?xml version="1.0" encoding="UTF-8"?>
<!-- Generated by org.testng.reporters.JUnitReportReporter -->
<testsuite hostname="DESKTOP-GLA0AO1" failures="0" tests="1" name="cmdLine.ReadDataFromJSONtoCreateOrg" time="40.570" errors="0" timestamp="2024-04-20T14:33:48 IST" skipped="0">
  <testcase classname="cmdLine.ReadDataFromJSONtoCreateOrg" name="createOrgUsingJSON" time="40.570"/>
  <system-out/>
</testsuite> <!-- cmdLine.ReadDataFromJSONtoCreateOrg -->
