<?xml version="1.0" encoding="UTF-8"?>
<!-- Generated by org.testng.reporters.JUnitReportReporter -->
<testsuite hostname="DESKTOP-GLA0AO1" failures="0" tests="3" name="com.comcast.crm.contacttest.CreateContactWithPhoneNumberDP" time="0.055" errors="0" timestamp="2024-04-30T18:42:30 IST" skipped="0">
  <testcase classname="com.comcast.crm.contacttest.CreateContactWithPhoneNumberDP" name="createContact" time="0.042"/>
  <system-out/>
  <testcase classname="com.comcast.crm.contacttest.CreateContactWithPhoneNumberDP" name="createContact" time="0.007"/>
  <system-out/>
  <testcase classname="com.comcast.crm.contacttest.CreateContactWithPhoneNumberDP" name="createContact" time="0.006"/>
  <system-out/>
</testsuite> <!-- com.comcast.crm.contacttest.CreateContactWithPhoneNumberDP -->
