<?xml version="1.0" encoding="UTF-8"?>
<!-- Generated by org.testng.reporters.JUnitReportReporter -->
<testsuite hostname="DESKTOP-GLA0AO1" failures="0" tests="2" name="com.crm.comcast.orgtest.CreateOrgTest" time="0.013" errors="0" timestamp="2024-05-03T10:23:57 IST" skipped="0">
  <testcase classname="com.crm.comcast.orgtest.CreateOrgTest" name="createOrgWithIndustryTest" time="0.007"/>
  <system-out/>
  <testcase classname="com.crm.comcast.orgtest.CreateOrgTest" name="createOrgTest" time="0.006"/>
  <system-out/>
</testsuite> <!-- com.crm.comcast.orgtest.CreateOrgTest -->
